<?xml version="1.0" encoding="UTF-8"?>
<testng-results ignored="0" total="1" passed="1" failed="0" skipped="0">
  <reporter-output>
  </reporter-output>
  <suite started-at="2021-11-08T19:36:47 CET" name="Suite" finished-at="2021-11-08T19:36:59 CET" duration-ms="12399">
    <groups>
    </groups>
    <test started-at="2021-11-08T19:36:47 CET" name="Test" finished-at="2021-11-08T19:36:59 CET" duration-ms="12399">
      <class name="com.atg.qa.horse.Selectingversions">
        <test-method is-config="true" signature="initial()[pri:0, instance:com.atg.qa.horse.Selectingversions@29647f75]" started-at="2021-11-08T19:36:47 CET" name="initial" finished-at="2021-11-08T19:36:53 CET" duration-ms="6242" status="PASS">
          <reporter-output>
          </reporter-output>
        </test-method> <!-- initial -->
        <test-method signature="homepageNavigation()[pri:0, instance:com.atg.qa.horse.Selectingversions@29647f75]" started-at="2021-11-08T19:36:53 CET" name="homepageNavigation" finished-at="2021-11-08T19:36:59 CET" duration-ms="5877" status="PASS">
          <reporter-output>
          </reporter-output>
        </test-method> <!-- homepageNavigation -->
        <test-method is-config="true" signature="teardown()[pri:0, instance:com.atg.qa.horse.Selectingversions@29647f75]" started-at="2021-11-08T19:36:59 CET" name="teardown" finished-at="2021-11-08T19:36:59 CET" duration-ms="232" status="PASS">
          <reporter-output>
          </reporter-output>
        </test-method> <!-- teardown -->
      </class> <!-- com.atg.qa.horse.Selectingversions -->
    </test> <!-- Test -->
  </suite> <!-- Suite -->
</testng-results>
