<?xml version="1.0" encoding="UTF-8"?>
<testng-results ignored="0" total="1" passed="1" failed="0" skipped="0">
  <reporter-output>
  </reporter-output>
  <suite started-at="2021-11-08T18:40:34 CET" name="Suite" finished-at="2021-11-08T18:40:54 CET" duration-ms="20241">
    <groups>
    </groups>
    <test started-at="2021-11-08T18:40:34 CET" name="Test" finished-at="2021-11-08T18:40:54 CET" duration-ms="20241">
      <class name="com.atg.qa.horse.Selectingversions">
        <test-method is-config="true" signature="initial()[pri:0, instance:com.atg.qa.horse.Selectingversions@29647f75]" started-at="2021-11-08T18:40:34 CET" name="initial" finished-at="2021-11-08T18:40:41 CET" duration-ms="7490" status="PASS">
          <reporter-output>
          </reporter-output>
        </test-method> <!-- initial -->
        <test-method signature="homepageNavigation()[pri:0, instance:com.atg.qa.horse.Selectingversions@29647f75]" started-at="2021-11-08T18:40:42 CET" name="homepageNavigation" finished-at="2021-11-08T18:40:50 CET" duration-ms="8325" status="PASS">
          <reporter-output>
          </reporter-output>
        </test-method> <!-- homepageNavigation -->
        <test-method is-config="true" signature="teardown()[pri:0, instance:com.atg.qa.horse.Selectingversions@29647f75]" started-at="2021-11-08T18:40:50 CET" name="teardown" finished-at="2021-11-08T18:40:54 CET" duration-ms="4357" status="PASS">
          <reporter-output>
          </reporter-output>
        </test-method> <!-- teardown -->
      </class> <!-- com.atg.qa.horse.Selectingversions -->
    </test> <!-- Test -->
  </suite> <!-- Suite -->
</testng-results>
