<?xml version="1.0" encoding="UTF-8"?>
<testng-results ignored="0" total="1" passed="1" failed="0" skipped="0">
  <reporter-output>
  </reporter-output>
  <suite started-at="2021-11-08T18:33:46 CET" name="Default suite" finished-at="2021-11-08T18:34:06 CET" duration-ms="19761">
    <groups>
    </groups>
    <test started-at="2021-11-08T18:33:46 CET" name="Default test" finished-at="2021-11-08T18:34:06 CET" duration-ms="19761">
      <class name="com.atg.qa.horse.Selectingversions">
        <test-method is-config="true" signature="initial()[pri:0, instance:com.atg.qa.horse.Selectingversions@6283d8b8]" started-at="2021-11-08T18:33:46 CET" name="initial" finished-at="2021-11-08T18:33:54 CET" duration-ms="7584" status="PASS">
          <reporter-output>
          </reporter-output>
        </test-method> <!-- initial -->
        <test-method signature="homepageNavigation()[pri:0, instance:com.atg.qa.horse.Selectingversions@6283d8b8]" started-at="2021-11-08T18:33:54 CET" name="homepageNavigation" finished-at="2021-11-08T18:34:02 CET" duration-ms="7786" status="PASS">
          <reporter-output>
          </reporter-output>
        </test-method> <!-- homepageNavigation -->
        <test-method is-config="true" signature="teardown()[pri:0, instance:com.atg.qa.horse.Selectingversions@6283d8b8]" started-at="2021-11-08T18:34:02 CET" name="teardown" finished-at="2021-11-08T18:34:06 CET" duration-ms="4330" status="PASS">
          <reporter-output>
          </reporter-output>
        </test-method> <!-- teardown -->
      </class> <!-- com.atg.qa.horse.Selectingversions -->
    </test> <!-- Default test -->
  </suite> <!-- Default suite -->
</testng-results>
